<?xml version="1.0" encoding="UTF-8"?>
<testng-results skipped="0" failed="0" ignored="0" total="1" passed="1">
  <reporter-output>
  </reporter-output>
  <suite name="Suite" duration-ms="70" started-at="2017-05-04T14:11:39Z" finished-at="2017-05-04T14:11:39Z">
    <groups>
    </groups>
    <test name="Test" duration-ms="70" started-at="2017-05-04T14:11:39Z" finished-at="2017-05-04T14:11:39Z">
      <class name="mavan.examplecom.Example">
        <test-method status="PASS" signature="printName()[pri:0, instance:mavan.examplecom.Example@61832929]" name="printName" duration-ms="25" started-at="2017-05-04T19:41:39Z" finished-at="2017-05-04T19:41:39Z">
          <reporter-output>
          </reporter-output>
        </test-method> <!-- printName -->
      </class> <!-- mavan.examplecom.Example -->
    </test> <!-- Test -->
  </suite> <!-- Suite -->
</testng-results>
